Graphics Device initialization failed for :  d3d, sw
Error initializing QuantumRenderer: no suitable pipeline found
java.lang.RuntimeException: java.lang.RuntimeException: Error initializing QuantumRenderer: no suitable pipeline found
	at javafx.graphics@24.0.1/com.sun.javafx.tk.quantum.QuantumRenderer.getInstance(QuantumRenderer.java:272)
	at javafx.graphics@24.0.1/com.sun.javafx.tk.quantum.QuantumToolkit.init(QuantumToolkit.java:233)
	at javafx.graphics@24.0.1/com.sun.javafx.tk.Toolkit.getToolkit(Toolkit.java:251)
	at javafx.graphics@24.0.1/com.sun.javafx.application.PlatformImpl.startup(PlatformImpl.java:274)
	at javafx.graphics@24.0.1/com.sun.javafx.application.PlatformImpl.startup(PlatformImpl.java:154)
	at javafx.graphics@24.0.1/com.sun.javafx.application.LauncherImpl.startToolkit(LauncherImpl.java:652)
	at javafx.graphics@24.0.1/com.sun.javafx.application.LauncherImpl.launchApplicationWithArgs(LauncherImpl.java:410)
	at javafx.graphics@24.0.1/com.sun.javafx.application.LauncherImpl.launchApplication(LauncherImpl.java:365)
	at java.base/jdk.internal.reflect.DirectMethodHandleAccessor.invoke(DirectMethodHandleAccessor.java:103)
	at java.base/java.lang.reflect.Method.invoke(Method.java:580)
	at java.base/sun.launcher.LauncherHelper$FXHelper.main(LauncherHelper.java:1164)
Caused by: java.lang.RuntimeException: Error initializing QuantumRenderer: no suitable pipeline found
	at javafx.graphics@24.0.1/com.sun.javafx.tk.quantum.QuantumRenderer$PipelineRunnable.init(QuantumRenderer.java:91)
	at javafx.graphics@24.0.1/com.sun.javafx.tk.quantum.QuantumRenderer$PipelineRunnable.run(QuantumRenderer.java:121)
	at java.base/java.lang.Thread.run(Thread.java:1575)
Exception in thread "main" java.lang.reflect.InvocationTargetException
	at java.base/jdk.internal.reflect.DirectMethodHandleAccessor.invoke(DirectMethodHandleAccessor.java:118)
	at java.base/java.lang.reflect.Method.invoke(Method.java:580)
	at java.base/sun.launcher.LauncherHelper$FXHelper.main(LauncherHelper.java:1164)
Caused by: java.lang.RuntimeException: No toolkit found
	at javafx.graphics@24.0.1/com.sun.javafx.tk.Toolkit.getToolkit(Toolkit.java:263)
	at javafx.graphics@24.0.1/com.sun.javafx.application.PlatformImpl.startup(PlatformImpl.java:274)
	at javafx.graphics@24.0.1/com.sun.javafx.application.PlatformImpl.startup(PlatformImpl.java:154)
	at javafx.graphics@24.0.1/com.sun.javafx.application.LauncherImpl.startToolkit(LauncherImpl.java:652)
	at javafx.graphics@24.0.1/com.sun.javafx.application.LauncherImpl.launchApplicationWithArgs(LauncherImpl.java:410)
	at javafx.graphics@24.0.1/com.sun.javafx.application.LauncherImpl.launchApplication(LauncherImpl.java:365)
	at java.base/jdk.internal.reflect.DirectMethodHandleAccessor.invoke(DirectMethodHandleAccessor.java:103)
	... 2 more
Failed to launch JVM
